14-12-18 12:19:35.000000  14-12-18 12:19:35.000000  plugin load: 5242880
ewww_image_optimizer_admin_init: 8126464
ewww_image_optimizer_init: 8126464
ewww_image_optimizer_cloud_key_sanitize: 8126464
ewww_image_optimizer_cloud_init: 8126464
ewww_image_optimizer_init: 8126464
ewww_image_optimizer_exec_init: 8126464
ewww_image_optimizer_admin_init: 8650752
ewww_image_optimizer_progressbar_style: 9175040
14-12-18 12:19:37.000000  plugin load: 3670016
ewww_image_optimizer_admin_init: 6815744
ewww_image_optimizer_init: 6815744
ewww_image_optimizer_cloud_init: 6815744
ewww_image_optimizer_init: 6815744
ewww_image_optimizer_exec_init: 6815744
ewww_image_optimizer_admin_init: 6815744
ewww_image_optimizer_install_paths: 7077888
ewww_image_optimizer_md5check: 7077888
ewww_image_optimizer_install_tools: 7077888
ewww_image_optimizer_exec_check: 7077888
ewww_image_optimizer_safemode_check: 7077888
ewww_image_optimizer_md5check: 7077888
ewww_image_optimizer_mimetype: 7077888
ewww_image_optimizer_md5check: 7077888
ewww_image_optimizer_mimetype: 7077888
ewww_image_optimizer_md5check: 7077888
ewww_image_optimizer_mimetype: 7077888
ewww_image_optimizer_tool_found: 7077888
ewww_image_optimizer_tool_found: 7077888
ewww_image_optimizer_tool_found: 7077888
ewww_image_optimizer_tool_found: 7077888
ewww_image_optimizer_tool_found: 7077888
ewww_image_optimizer_tool_found: 7077888
ewww_image_optimizer_tool_found: 7077888
ewww_image_optimizer_tool_found: 7077888
ewww_image_optimizer_tool_found: 7077888
ewww_image_optimizer_tool_found: 7077888
ewww_image_optimizer_md5check: 7077888
ewww_image_optimizer_mimetype: 7077888
ewww_image_optimizer_md5check: 7077888
ewww_image_optimizer_mimetype: 7077888
ewww_image_optimizer_path_check: 7077888
ewww_image_optimizer_progressbar_style: 7340032
14-12-18 12:19:58.000000  plugin load: 3670016
ewww_image_optimizer_admin_init: 5767168
ewww_image_optimizer_init: 5767168
ewww_image_optimizer_cloud_init: 5767168
ewww_image_optimizer_init: 5767168
ewww_image_optimizer_exec_init: 5767168
ewww_image_optimizer_admin_init: 5767168
14-12-18 12:19:58.000000  plugin load: 3670016
ewww_image_optimizer_admin_init: 6815744
ewww_image_optimizer_init: 6815744
ewww_image_optimizer_cloud_init: 6815744
ewww_image_optimizer_init: 6815744
ewww_image_optimizer_exec_init: 6815744
ewww_image_optimizer_admin_init: 6815744
ewww_image_optimizer_progressbar_style: 7340032
14-12-18 12:20:00.000000  plugin load: 3670016
ewww_image_optimizer_admin_init: 12058624
ewww_image_optimizer_init: 12058624
ewww_image_optimizer_cloud_init: 12058624
ewww_image_optimizer_init: 12058624
ewww_image_optimizer_exec_init: 12058624
ewww_image_optimizer_admin_init: 12058624
ewww_image_optimizer_progressbar_style: 12582912
14-12-18 12:20:02.000000  plugin load: 3670016
ewww_image_optimizer_admin_init: 12058624
ewww_image_optimizer_init: 12058624
ewww_image_optimizer_cloud_init: 12058624
ewww_image_optimizer_init: 12058624
ewww_image_optimizer_exec_init: 12320768
ewww_image_optimizer_admin_init: 12320768
ewww_image_optimizer_install_paths: 12320768
ewww_image_optimizer_md5check: 12320768
ewww_image_optimizer_install_tools: 12320768
ewww_image_optimizer_exec_check: 12320768
ewww_image_optimizer_safemode_check: 12320768
ewww_image_optimizer_md5check: 12320768
ewww_image_optimizer_mimetype: 12320768
ewww_image_optimizer_md5check: 12320768
ewww_image_optimizer_mimetype: 12320768
ewww_image_optimizer_md5check: 12320768
ewww_image_optimizer_mimetype: 12320768
ewww_image_optimizer_tool_found: 12320768
ewww_image_optimizer_tool_found: 12320768
ewww_image_optimizer_tool_found: 12320768
ewww_image_optimizer_tool_found: 12320768
ewww_image_optimizer_tool_found: 12320768
ewww_image_optimizer_tool_found: 12320768
ewww_image_optimizer_tool_found: 12320768
ewww_image_optimizer_tool_found: 12320768
ewww_image_optimizer_tool_found: 12320768
ewww_image_optimizer_tool_found: 12320768
ewww_image_optimizer_md5check: 12320768
ewww_image_optimizer_mimetype: 12320768
ewww_image_optimizer_md5check: 12320768
ewww_image_optimizer_mimetype: 12320768
ewww_image_optimizer_path_check: 12320768
ewww_image_optimizer_progressbar_style: 12582912
